[35m[1mConsolidate compiler generated dependencies of target turtle_tf2_listener_debug[0m
[ 60%] Built target dynamic_frame_tf2_broadcaster
[ 60%] Built target static_turtle_tf2_broadcaster
[ 60%] Built target fixed_frame_tf2_broadcaster
[ 80%] Built target turtle_tf2_broadcaster
[ 90%] [32mBuilding CXX object CMakeFiles/turtle_tf2_listener_debug.dir/src/turtle_tf2_listener_debug.cpp.o[0m
[01m[K/home/chris/rostut/src/learning_tf2_cpp/src/turtle_tf2_listener_debug.cpp:[m[K In member function â€˜[01m[Kvoid FrameListener::on_timer()[m[Kâ€™:
[01m[K/home/chris/rostut/src/learning_tf2_cpp/src/turtle_tf2_listener_debug.cpp:77:11:[m[K [01;31m[Kerror: [m[Kexpected primary-expression before â€˜[01m[K)[m[Kâ€™ token
   77 |           [01;31m[K)[m[Ktf2::TimePointZero);
      |           [01;31m[K^[m[K
gmake[2]: *** [CMakeFiles/turtle_tf2_listener_debug.dir/build.make:76: CMakeFiles/turtle_tf2_listener_debug.dir/src/turtle_tf2_listener_debug.cpp.o] Error 1
gmake[1]: *** [CMakeFiles/Makefile2:145: CMakeFiles/turtle_tf2_listener_debug.dir/all] Error 2
gmake: *** [Makefile:146: all] Error 2
