[0.039s] Invoking command in '/home/chris/rostut/build/learning_tf2_cpp': CMAKE_PREFIX_PATH=/home/chris/rostut/install/turtlesim:/home/chris/rostut/install/learning_tf2_cpp:/home/chris/rostut/install/cpp_parameter_event_handler:/home/chris/rostut/install/action_tutorials_cpp:/home/chris/rostut/install/action_tutorials_interfaces:/home/chris/rostut/install/polygon_plugins:/home/chris/rostut/install/polygon_base:/home/chris/rostut/install/cpp_parameters:/home/chris/rostut/install/more_interfaces:/home/chris/rostut/install/tutorial_interfaces:/home/chris/rostut/install/cpp_srvcli:/home/chris/rostut/install/cpp_pubsub:/home/chris/rostut/install/my_package:/home/chris/rostut/install/examples_rclcpp_wait_set:/home/chris/rostut/install/examples_rclcpp_multithreaded_executor:/home/chris/rostut/install/examples_rclcpp_minimal_subscriber:/home/chris/rostut/install/examples_rclcpp_minimal_service:/home/chris/rostut/install/examples_rclcpp_minimal_publisher:/home/chris/rostut/install/examples_rclcpp_minimal_composition:/home/chris/rostut/install/examples_rclcpp_minimal_client:/home/chris/rostut/install/examples_rclcpp_minimal_action_server:/home/chris/rostut/install/examples_rclcpp_minimal_action_client:/home/chris/rostut/install/examples_rclcpp_cbg_executor:/home/chris/rostut/install/examples_rclcpp_async_client:/home/chris/rostut/install/examples_rclcpp_minimal_timer:/home/chris/rostut/install/launch_testing_examples:/home/chris/rostut/install/examples_rclpy_pointcloud_publisher:/home/chris/rostut/install/examples_rclpy_minimal_subscriber:/home/chris/rostut/install/examples_rclpy_minimal_service:/home/chris/rostut/install/examples_rclpy_minimal_publisher:/home/chris/rostut/install/examples_rclpy_minimal_client:/home/chris/rostut/install/examples_rclpy_minimal_action_server:/home/chris/rostut/install/examples_rclpy_minimal_action_client:/home/chris/rostut/install/examples_rclpy_guard_conditions:/home/chris/rostut/install/examples_rclpy_executors:/opt/ros/humble LD_LIBRARY_PATH=/home/chris/rostut/install/turtlesim/lib:/home/chris/rostut/install/action_tutorials_cpp/lib:/home/chris/rostut/install/action_tutorials_interfaces/lib:/home/chris/rostut/install/polygon_plugins/lib:/home/chris/rostut/install/more_interfaces/lib:/home/chris/rostut/install/tutorial_interfaces/lib:/home/chris/rostut/install/examples_rclcpp_wait_set/lib:/home/chris/rostut/install/examples_rclcpp_minimal_subscriber/lib:/home/chris/rostut/install/examples_rclcpp_minimal_composition/lib:/opt/ros/humble/opt/rviz_ogre_vendor/lib:/opt/ros/humble/lib/x86_64-linux-gnu:/opt/ros/humble/lib /usr/bin/cmake --build /home/chris/rostut/build/learning_tf2_cpp -- -j20 -l20
[0.061s] [35m[1mConsolidate compiler generated dependencies of target turtle_tf2_listener_debug[0m
[0.069s] [ 60%] Built target dynamic_frame_tf2_broadcaster
[0.069s] [ 60%] Built target static_turtle_tf2_broadcaster
[0.069s] [ 60%] Built target fixed_frame_tf2_broadcaster
[0.069s] [ 80%] Built target turtle_tf2_broadcaster
[0.070s] [ 90%] [32mBuilding CXX object CMakeFiles/turtle_tf2_listener_debug.dir/src/turtle_tf2_listener_debug.cpp.o[0m
[1.282s] [01m[K/home/chris/rostut/src/learning_tf2_cpp/src/turtle_tf2_listener_debug.cpp:[m[K In member function â€˜[01m[Kvoid FrameListener::on_timer()[m[Kâ€™:
[1.282s] [01m[K/home/chris/rostut/src/learning_tf2_cpp/src/turtle_tf2_listener_debug.cpp:77:11:[m[K [01;31m[Kerror: [m[Kexpected primary-expression before â€˜[01m[K)[m[Kâ€™ token
[1.283s]    77 |           [01;31m[K)[m[Ktf2::TimePointZero);
[1.283s]       |           [01;31m[K^[m[K
[1.840s] gmake[2]: *** [CMakeFiles/turtle_tf2_listener_debug.dir/build.make:76: CMakeFiles/turtle_tf2_listener_debug.dir/src/turtle_tf2_listener_debug.cpp.o] Error 1
[1.840s] gmake[1]: *** [CMakeFiles/Makefile2:145: CMakeFiles/turtle_tf2_listener_debug.dir/all] Error 2
[1.840s] gmake: *** [Makefile:146: all] Error 2
[1.842s] Invoked command in '/home/chris/rostut/build/learning_tf2_cpp' returned '2': CMAKE_PREFIX_PATH=/home/chris/rostut/install/turtlesim:/home/chris/rostut/install/learning_tf2_cpp:/home/chris/rostut/install/cpp_parameter_event_handler:/home/chris/rostut/install/action_tutorials_cpp:/home/chris/rostut/install/action_tutorials_interfaces:/home/chris/rostut/install/polygon_plugins:/home/chris/rostut/install/polygon_base:/home/chris/rostut/install/cpp_parameters:/home/chris/rostut/install/more_interfaces:/home/chris/rostut/install/tutorial_interfaces:/home/chris/rostut/install/cpp_srvcli:/home/chris/rostut/install/cpp_pubsub:/home/chris/rostut/install/my_package:/home/chris/rostut/install/examples_rclcpp_wait_set:/home/chris/rostut/install/examples_rclcpp_multithreaded_executor:/home/chris/rostut/install/examples_rclcpp_minimal_subscriber:/home/chris/rostut/install/examples_rclcpp_minimal_service:/home/chris/rostut/install/examples_rclcpp_minimal_publisher:/home/chris/rostut/install/examples_rclcpp_minimal_composition:/home/chris/rostut/install/examples_rclcpp_minimal_client:/home/chris/rostut/install/examples_rclcpp_minimal_action_server:/home/chris/rostut/install/examples_rclcpp_minimal_action_client:/home/chris/rostut/install/examples_rclcpp_cbg_executor:/home/chris/rostut/install/examples_rclcpp_async_client:/home/chris/rostut/install/examples_rclcpp_minimal_timer:/home/chris/rostut/install/launch_testing_examples:/home/chris/rostut/install/examples_rclpy_pointcloud_publisher:/home/chris/rostut/install/examples_rclpy_minimal_subscriber:/home/chris/rostut/install/examples_rclpy_minimal_service:/home/chris/rostut/install/examples_rclpy_minimal_publisher:/home/chris/rostut/install/examples_rclpy_minimal_client:/home/chris/rostut/install/examples_rclpy_minimal_action_server:/home/chris/rostut/install/examples_rclpy_minimal_action_client:/home/chris/rostut/install/examples_rclpy_guard_conditions:/home/chris/rostut/install/examples_rclpy_executors:/opt/ros/humble LD_LIBRARY_PATH=/home/chris/rostut/install/turtlesim/lib:/home/chris/rostut/install/action_tutorials_cpp/lib:/home/chris/rostut/install/action_tutorials_interfaces/lib:/home/chris/rostut/install/polygon_plugins/lib:/home/chris/rostut/install/more_interfaces/lib:/home/chris/rostut/install/tutorial_interfaces/lib:/home/chris/rostut/install/examples_rclcpp_wait_set/lib:/home/chris/rostut/install/examples_rclcpp_minimal_subscriber/lib:/home/chris/rostut/install/examples_rclcpp_minimal_composition/lib:/opt/ros/humble/opt/rviz_ogre_vendor/lib:/opt/ros/humble/lib/x86_64-linux-gnu:/opt/ros/humble/lib /usr/bin/cmake --build /home/chris/rostut/build/learning_tf2_cpp -- -j20 -l20
