[0.239s] Invoking command in '/home/chris/ros2_ws/build/examples_rclcpp_wait_set': CMAKE_PREFIX_PATH=/opt/ros/humble /usr/bin/cmake /home/chris/ros2_ws/src/examples/rclcpp/wait_set -DAMENT_CMAKE_SYMLINK_INSTALL=1 -DCMAKE_INSTALL_PREFIX=/home/chris/ros2_ws/install/examples_rclcpp_wait_set
[1.943s] -- The C compiler identification is GNU 11.4.0
[1.943s] -- The CXX compiler identification is GNU 11.4.0
[1.943s] -- Detecting C compiler ABI info
[1.943s] -- Detecting C compiler ABI info - done
[1.943s] -- Check for working C compiler: /usr/bin/cc - skipped
[1.943s] -- Detecting C compile features
[1.943s] -- Detecting C compile features - done
[1.943s] -- Detecting CXX compiler ABI info
[1.943s] -- Detecting CXX compiler ABI info - done
[1.943s] -- Check for working CXX compiler: /usr/bin/c++ - skipped
[1.943s] -- Detecting CXX compile features
[1.943s] -- Detecting CXX compile features - done
[1.943s] -- Found ament_cmake: 1.3.6 (/opt/ros/humble/share/ament_cmake/cmake)
[1.943s] -- Found Python3: /usr/bin/python3.10 (found version "3.10.12") found components: Interpreter 
[1.943s] -- Override CMake install command with custom implementation using symlinks instead of copying resources
[1.943s] -- Found example_interfaces: 0.9.3 (/opt/ros/humble/share/example_interfaces/cmake)
[1.943s] -- Found rosidl_generator_c: 3.1.5 (/opt/ros/humble/share/rosidl_generator_c/cmake)
[1.943s] -- Found rosidl_adapter: 3.1.5 (/opt/ros/humble/share/rosidl_adapter/cmake)
[1.943s] -- Found rosidl_generator_cpp: 3.1.5 (/opt/ros/humble/share/rosidl_generator_cpp/cmake)
[1.943s] -- Using all available rosidl_typesupport_c: rosidl_typesupport_fastrtps_c;rosidl_typesupport_introspection_c
[1.943s] -- Using all available rosidl_typesupport_cpp: rosidl_typesupport_fastrtps_cpp;rosidl_typesupport_introspection_cpp
[1.943s] -- Found rclcpp: 16.0.7 (/opt/ros/humble/share/rclcpp/cmake)
[1.943s] -- Found rmw_implementation_cmake: 6.1.1 (/opt/ros/humble/share/rmw_implementation_cmake/cmake)
[1.943s] -- Found rmw_fastrtps_cpp: 6.2.5 (/opt/ros/humble/share/rmw_fastrtps_cpp/cmake)
[1.943s] -- Found OpenSSL: /usr/lib/x86_64-linux-gnu/libcrypto.so (found version "3.0.2")  
[1.943s] -- Found FastRTPS: /opt/ros/humble/include  
[1.943s] -- Using RMW implementation 'rmw_fastrtps_cpp' as default
[1.943s] -- Looking for pthread.h
[1.943s] -- Looking for pthread.h - found
[1.943s] -- Performing Test CMAKE_HAVE_LIBC_PTHREAD
[1.943s] -- Performing Test CMAKE_HAVE_LIBC_PTHREAD - Success
[1.943s] -- Found Threads: TRUE  
[1.943s] -- Found rclcpp_components: 16.0.7 (/opt/ros/humble/share/rclcpp_components/cmake)
[1.943s] -- Found ament_lint_auto: 0.12.9 (/opt/ros/humble/share/ament_lint_auto/cmake)
[1.943s] -- Added test 'copyright' to check source files copyright and LICENSE
[1.943s] -- Added test 'cppcheck' to perform static code analysis on C / C++ code
[1.944s] -- Configured cppcheck include dirs: /home/chris/ros2_ws/src/examples/rclcpp/wait_set/include
[1.944s] -- Configured cppcheck exclude dirs and/or files: 
[1.944s] -- Added test 'cpplint' to check C / C++ code against the Google style
[1.944s] -- Configured cpplint exclude dirs and/or files: 
[1.944s] -- Added test 'lint_cmake' to check CMake code style
[1.944s] -- Added test 'uncrustify' to check C / C++ code style
[1.944s] -- Configured uncrustify additional arguments: 
[1.944s] -- Added test 'xmllint' to check XML markup files
[1.944s] -- Configuring done
[1.944s] -- Generating done
[1.944s] -- Build files have been written to: /home/chris/ros2_ws/build/examples_rclcpp_wait_set
[1.955s] Invoked command in '/home/chris/ros2_ws/build/examples_rclcpp_wait_set' returned '0': CMAKE_PREFIX_PATH=/opt/ros/humble /usr/bin/cmake /home/chris/ros2_ws/src/examples/rclcpp/wait_set -DAMENT_CMAKE_SYMLINK_INSTALL=1 -DCMAKE_INSTALL_PREFIX=/home/chris/ros2_ws/install/examples_rclcpp_wait_set
[1.956s] Invoking command in '/home/chris/ros2_ws/build/examples_rclcpp_wait_set': CMAKE_PREFIX_PATH=/opt/ros/humble /usr/bin/cmake --build /home/chris/ros2_ws/build/examples_rclcpp_wait_set -- -j20 -l20
[2.128s] [  4%] [32mBuilding CXX object CMakeFiles/talker.dir/src/talker.cpp.o[0m
[2.144s] [  8%] [32mBuilding CXX object CMakeFiles/wait_set_talker.dir/rclcpp_components/node_main_wait_set_talker.cpp.o[0m
[2.184s] [ 12%] [32mBuilding CXX object CMakeFiles/listener.dir/src/listener.cpp.o[0m
[2.236s] [ 16%] [32mBuilding CXX object CMakeFiles/wait_set.dir/src/wait_set.cpp.o[0m
[2.254s] [ 20%] [32mBuilding CXX object CMakeFiles/wait_set_listener.dir/rclcpp_components/node_main_wait_set_listener.cpp.o[0m
[2.260s] [ 25%] [32mBuilding CXX object CMakeFiles/static_wait_set.dir/src/static_wait_set.cpp.o[0m
[2.276s] [ 29%] [32mBuilding CXX object CMakeFiles/wait_set_topics_and_timer.dir/src/wait_set_topics_and_timer.cpp.o[0m
[2.283s] [ 33%] [32mBuilding CXX object CMakeFiles/thread_safe_wait_set.dir/src/thread_safe_wait_set.cpp.o[0m
[2.341s] [ 37%] [32mBuilding CXX object CMakeFiles/wait_set_random_order.dir/src/wait_set_random_order.cpp.o[0m
[2.359s] [ 45%] [32mBuilding CXX object CMakeFiles/wait_set_topics_with_different_rates.dir/src/wait_set_topics_with_different_rates.cpp.o[0m
[2.365s] [ 41%] [32mBuilding CXX object CMakeFiles/executor_random_order.dir/src/executor_random_order.cpp.o[0m
[49.110s] [01m[Kc++:[m[K [01;31m[Kfatal error: [m[KKilled signal terminated program cc1plus
[49.111s] compilation terminated.
[49.111s] gmake[2]: *** [CMakeFiles/wait_set_topics_with_different_rates.dir/build.make:76: CMakeFiles/wait_set_topics_with_different_rates.dir/src/wait_set_topics_with_different_rates.cpp.o] Error 1
[49.111s] gmake[1]: *** [CMakeFiles/Makefile2:419: CMakeFiles/wait_set_topics_with_different_rates.dir/all] Error 2
[49.111s] gmake[1]: *** Waiting for unfinished jobs....
[66.888s] [ 50%] [32m[1mLinking CXX executable wait_set_talker[0m
[67.371s] [ 54%] [32m[1mLinking CXX executable wait_set_listener[0m
[67.524s] [ 54%] Built target wait_set_talker
[67.573s] [ 54%] Built target wait_set_listener
[69.992s] [ 58%] [32m[1mLinking CXX shared library libtalker.so[0m
[70.248s] [ 58%] Built target talker
[76.460s] [ 62%] [32m[1mLinking CXX executable executor_random_order[0m
[76.938s] [ 62%] Built target executor_random_order
[77.325s] [ 66%] [32m[1mLinking CXX executable static_wait_set[0m
[77.431s] [ 70%] [32m[1mLinking CXX executable wait_set_topics_and_timer[0m
[77.526s] [ 75%] [32m[1mLinking CXX executable wait_set[0m
[77.725s] [ 75%] Built target static_wait_set
[77.835s] [ 79%] [32m[1mLinking CXX executable wait_set_random_order[0m
[77.838s] [ 79%] Built target wait_set_topics_and_timer
[77.876s] [ 83%] [32m[1mLinking CXX shared library liblistener.so[0m
[78.000s] [ 83%] Built target wait_set
[78.170s] [ 83%] Built target wait_set_random_order
[78.217s] [ 87%] [32m[1mLinking CXX executable thread_safe_wait_set[0m
[78.235s] [ 87%] Built target listener
[78.492s] [ 87%] Built target thread_safe_wait_set
[78.495s] gmake: *** [Makefile:146: all] Error 2
