[0.529s] Invoking command in '/home/chris/rostut/build/examples_rclcpp_minimal_composition': CMAKE_PREFIX_PATH=/opt/ros/humble /usr/bin/cmake /home/chris/rostut/src/examples/rclcpp/composition/minimal_composition -DAMENT_CMAKE_SYMLINK_INSTALL=1 -DCMAKE_INSTALL_PREFIX=/home/chris/rostut/install/examples_rclcpp_minimal_composition
[2.265s] -- The C compiler identification is GNU 11.4.0
[2.265s] -- The CXX compiler identification is GNU 11.4.0
[2.265s] -- Detecting C compiler ABI info
[2.265s] -- Detecting C compiler ABI info - done
[2.265s] -- Check for working C compiler: /usr/bin/cc - skipped
[2.265s] -- Detecting C compile features
[2.265s] -- Detecting C compile features - done
[2.266s] -- Detecting CXX compiler ABI info
[2.266s] -- Detecting CXX compiler ABI info - done
[2.266s] -- Check for working CXX compiler: /usr/bin/c++ - skipped
[2.266s] -- Detecting CXX compile features
[2.266s] -- Detecting CXX compile features - done
[2.266s] -- Found ament_cmake: 1.3.6 (/opt/ros/humble/share/ament_cmake/cmake)
[2.266s] -- Found Python3: /usr/bin/python3.10 (found version "3.10.12") found components: Interpreter 
[2.266s] -- Override CMake install command with custom implementation using symlinks instead of copying resources
[2.266s] -- Found rclcpp: 16.0.7 (/opt/ros/humble/share/rclcpp/cmake)
[2.266s] -- Found rosidl_generator_c: 3.1.5 (/opt/ros/humble/share/rosidl_generator_c/cmake)
[2.266s] -- Found rosidl_adapter: 3.1.5 (/opt/ros/humble/share/rosidl_adapter/cmake)
[2.266s] -- Found rosidl_generator_cpp: 3.1.5 (/opt/ros/humble/share/rosidl_generator_cpp/cmake)
[2.266s] -- Using all available rosidl_typesupport_c: rosidl_typesupport_fastrtps_c;rosidl_typesupport_introspection_c
[2.266s] -- Using all available rosidl_typesupport_cpp: rosidl_typesupport_fastrtps_cpp;rosidl_typesupport_introspection_cpp
[2.266s] -- Found rmw_implementation_cmake: 6.1.1 (/opt/ros/humble/share/rmw_implementation_cmake/cmake)
[2.266s] -- Found rmw_fastrtps_cpp: 6.2.5 (/opt/ros/humble/share/rmw_fastrtps_cpp/cmake)
[2.266s] -- Found OpenSSL: /usr/lib/x86_64-linux-gnu/libcrypto.so (found version "3.0.2")  
[2.266s] -- Found FastRTPS: /opt/ros/humble/include  
[2.266s] -- Using RMW implementation 'rmw_fastrtps_cpp' as default
[2.266s] -- Looking for pthread.h
[2.266s] -- Looking for pthread.h - found
[2.266s] -- Performing Test CMAKE_HAVE_LIBC_PTHREAD
[2.266s] -- Performing Test CMAKE_HAVE_LIBC_PTHREAD - Success
[2.266s] -- Found Threads: TRUE  
[2.266s] -- Found rclcpp_components: 16.0.7 (/opt/ros/humble/share/rclcpp_components/cmake)
[2.266s] -- Found ament_lint_auto: 0.12.9 (/opt/ros/humble/share/ament_lint_auto/cmake)
[2.266s] -- Added test 'copyright' to check source files copyright and LICENSE
[2.266s] -- Added test 'cppcheck' to perform static code analysis on C / C++ code
[2.266s] -- Configured cppcheck include dirs: /home/chris/rostut/src/examples/rclcpp/composition/minimal_composition/include
[2.266s] -- Configured cppcheck exclude dirs and/or files: 
[2.266s] -- Added test 'cpplint' to check C / C++ code against the Google style
[2.266s] -- Configured cpplint exclude dirs and/or files: 
[2.266s] -- Added test 'lint_cmake' to check CMake code style
[2.266s] -- Added test 'uncrustify' to check C / C++ code style
[2.266s] -- Configured uncrustify additional arguments: 
[2.266s] -- Added test 'xmllint' to check XML markup files
[2.266s] -- Configuring done
[2.267s] -- Generating done
[2.267s] -- Build files have been written to: /home/chris/rostut/build/examples_rclcpp_minimal_composition
[2.291s] Invoked command in '/home/chris/rostut/build/examples_rclcpp_minimal_composition' returned '0': CMAKE_PREFIX_PATH=/opt/ros/humble /usr/bin/cmake /home/chris/rostut/src/examples/rclcpp/composition/minimal_composition -DAMENT_CMAKE_SYMLINK_INSTALL=1 -DCMAKE_INSTALL_PREFIX=/home/chris/rostut/install/examples_rclcpp_minimal_composition
[2.293s] Invoking command in '/home/chris/rostut/build/examples_rclcpp_minimal_composition': CMAKE_PREFIX_PATH=/opt/ros/humble /usr/bin/cmake --build /home/chris/rostut/build/examples_rclcpp_minimal_composition -- -j20 -l20
[2.312s] [ 11%] [32mBuilding CXX object CMakeFiles/composition_nodes.dir/src/publisher_node.cpp.o[0m
[2.312s] [ 22%] [32mBuilding CXX object CMakeFiles/composition_nodes.dir/src/subscriber_node.cpp.o[0m
[62.349s] [01m[Kc++:[m[K [01;31m[Kfatal error: [m[KKilled signal terminated program cc1plus
[62.350s] compilation terminated.
[62.350s] gmake[2]: *** [CMakeFiles/composition_nodes.dir/build.make:90: CMakeFiles/composition_nodes.dir/src/subscriber_node.cpp.o] Error 1
[62.350s] gmake[2]: *** Waiting for unfinished jobs....
[81.883s] gmake[1]: *** [CMakeFiles/Makefile2:143: CMakeFiles/composition_nodes.dir/all] Error 2
[81.886s] gmake: *** [Makefile:146: all] Error 2
[81.919s] Invoked command in '/home/chris/rostut/build/examples_rclcpp_minimal_composition' returned '2': CMAKE_PREFIX_PATH=/opt/ros/humble /usr/bin/cmake --build /home/chris/rostut/build/examples_rclcpp_minimal_composition -- -j20 -l20
