[0.444s] Invoking command in '/home/chris/rostut/build/examples_rclcpp_minimal_subscriber': CMAKE_PREFIX_PATH=/opt/ros/humble /usr/bin/cmake /home/chris/rostut/src/examples/rclcpp/topics/minimal_subscriber -DAMENT_CMAKE_SYMLINK_INSTALL=1 -DCMAKE_INSTALL_PREFIX=/home/chris/rostut/install/examples_rclcpp_minimal_subscriber
[2.184s] -- The C compiler identification is GNU 11.4.0
[2.184s] -- The CXX compiler identification is GNU 11.4.0
[2.184s] -- Detecting C compiler ABI info
[2.184s] -- Detecting C compiler ABI info - done
[2.184s] -- Check for working C compiler: /usr/bin/cc - skipped
[2.184s] -- Detecting C compile features
[2.184s] -- Detecting C compile features - done
[2.184s] -- Detecting CXX compiler ABI info
[2.184s] -- Detecting CXX compiler ABI info - done
[2.185s] -- Check for working CXX compiler: /usr/bin/c++ - skipped
[2.185s] -- Detecting CXX compile features
[2.185s] -- Detecting CXX compile features - done
[2.185s] -- Found ament_cmake: 1.3.6 (/opt/ros/humble/share/ament_cmake/cmake)
[2.185s] -- Found Python3: /usr/bin/python3.10 (found version "3.10.12") found components: Interpreter 
[2.185s] -- Override CMake install command with custom implementation using symlinks instead of copying resources
[2.185s] -- Found rclcpp: 16.0.7 (/opt/ros/humble/share/rclcpp/cmake)
[2.185s] -- Found rosidl_generator_c: 3.1.5 (/opt/ros/humble/share/rosidl_generator_c/cmake)
[2.185s] -- Found rosidl_adapter: 3.1.5 (/opt/ros/humble/share/rosidl_adapter/cmake)
[2.185s] -- Found rosidl_generator_cpp: 3.1.5 (/opt/ros/humble/share/rosidl_generator_cpp/cmake)
[2.186s] -- Using all available rosidl_typesupport_c: rosidl_typesupport_fastrtps_c;rosidl_typesupport_introspection_c
[2.186s] -- Using all available rosidl_typesupport_cpp: rosidl_typesupport_fastrtps_cpp;rosidl_typesupport_introspection_cpp
[2.186s] -- Found rmw_implementation_cmake: 6.1.1 (/opt/ros/humble/share/rmw_implementation_cmake/cmake)
[2.186s] -- Found rmw_fastrtps_cpp: 6.2.5 (/opt/ros/humble/share/rmw_fastrtps_cpp/cmake)
[2.186s] -- Found OpenSSL: /usr/lib/x86_64-linux-gnu/libcrypto.so (found version "3.0.2")  
[2.186s] -- Found FastRTPS: /opt/ros/humble/include  
[2.186s] -- Using RMW implementation 'rmw_fastrtps_cpp' as default
[2.186s] -- Looking for pthread.h
[2.187s] -- Looking for pthread.h - found
[2.187s] -- Performing Test CMAKE_HAVE_LIBC_PTHREAD
[2.187s] -- Performing Test CMAKE_HAVE_LIBC_PTHREAD - Success
[2.187s] -- Found Threads: TRUE  
[2.187s] -- Found rclcpp_components: 16.0.7 (/opt/ros/humble/share/rclcpp_components/cmake)
[2.187s] -- Found ament_lint_auto: 0.12.9 (/opt/ros/humble/share/ament_lint_auto/cmake)
[2.187s] -- Added test 'copyright' to check source files copyright and LICENSE
[2.188s] -- Added test 'cppcheck' to perform static code analysis on C / C++ code
[2.188s] -- Configured cppcheck include dirs: 
[2.188s] -- Configured cppcheck exclude dirs and/or files: 
[2.188s] -- Added test 'cpplint' to check C / C++ code against the Google style
[2.188s] -- Configured cpplint exclude dirs and/or files: 
[2.188s] -- Added test 'lint_cmake' to check CMake code style
[2.188s] -- Added test 'uncrustify' to check C / C++ code style
[2.188s] -- Configured uncrustify additional arguments: 
[2.189s] -- Added test 'xmllint' to check XML markup files
[2.190s] -- Configuring done
[2.190s] -- Generating done
[2.190s] -- Build files have been written to: /home/chris/rostut/build/examples_rclcpp_minimal_subscriber
[2.205s] Invoked command in '/home/chris/rostut/build/examples_rclcpp_minimal_subscriber' returned '0': CMAKE_PREFIX_PATH=/opt/ros/humble /usr/bin/cmake /home/chris/rostut/src/examples/rclcpp/topics/minimal_subscriber -DAMENT_CMAKE_SYMLINK_INSTALL=1 -DCMAKE_INSTALL_PREFIX=/home/chris/rostut/install/examples_rclcpp_minimal_subscriber
[2.205s] Invoking command in '/home/chris/rostut/build/examples_rclcpp_minimal_subscriber': CMAKE_PREFIX_PATH=/opt/ros/humble /usr/bin/cmake --build /home/chris/rostut/build/examples_rclcpp_minimal_subscriber -- -j20 -l20
[2.245s] [  4%] [32mBuilding CXX object CMakeFiles/subscriber_member_function.dir/member_function.cpp.o[0m
[2.247s] [  8%] [32mBuilding CXX object CMakeFiles/subscriber_member_function_with_topic_statistics.dir/member_function_with_topic_statistics.cpp.o[0m
[2.251s] [ 12%] [32mBuilding CXX object CMakeFiles/subscriber_lambda.dir/lambda.cpp.o[0m
[2.260s] [ 16%] [32mBuilding CXX object CMakeFiles/subscriber_member_function_with_type_adapter.dir/member_function_with_type_adapter.cpp.o[0m
[2.269s] [ 20%] [32mBuilding CXX object CMakeFiles/subscriber_member_function_with_unique_network_flow_endpoints.dir/member_function_with_unique_network_flow_endpoints.cpp.o[0m
[2.269s] [ 25%] [32mBuilding CXX object CMakeFiles/subscriber_content_filtering.dir/content_filtering.cpp.o[0m
[2.277s] [ 29%] [32mBuilding CXX object CMakeFiles/wait_set_subscriber_library.dir/wait_set_subscriber.cpp.o[0m
[2.277s] [ 33%] [32mBuilding CXX object CMakeFiles/wait_set_subscriber_library.dir/static_wait_set_subscriber.cpp.o[0m
[2.315s] [ 37%] [32mBuilding CXX object CMakeFiles/static_wait_set_subscriber.dir/rclcpp_components/node_main_static_wait_set_subscriber.cpp.o[0m
[2.315s] [ 41%] [32mBuilding CXX object CMakeFiles/wait_set_subscriber.dir/rclcpp_components/node_main_wait_set_subscriber.cpp.o[0m
[2.315s] [ 45%] [32mBuilding CXX object CMakeFiles/subscriber_not_composable.dir/not_composable.cpp.o[0m
[2.315s] [ 50%] [32mBuilding CXX object CMakeFiles/wait_set_subscriber_library.dir/time_triggered_wait_set_subscriber.cpp.o[0m
[2.378s] [ 54%] [32mBuilding CXX object CMakeFiles/time_triggered_wait_set_subscriber.dir/rclcpp_components/node_main_time_triggered_wait_set_subscriber.cpp.o[0m
[30.258s] [01m[Kc++:[m[K [01;31m[Kfatal error: [m[KKilled signal terminated program cc1plus
[30.263s] compilation terminated.
[30.264s] gmake[2]: *** [CMakeFiles/subscriber_member_function_with_type_adapter.dir/build.make:76: CMakeFiles/subscriber_member_function_with_type_adapter.dir/member_function_with_type_adapter.cpp.o] Error 1
[30.264s] gmake[1]: *** [CMakeFiles/Makefile2:235: CMakeFiles/subscriber_member_function_with_type_adapter.dir/all] Error 2
[30.264s] gmake[1]: *** Waiting for unfinished jobs....
[75.693s] [01m[Kc++:[m[K [01;31m[Kfatal error: [m[KKilled signal terminated program cc1plus
[75.694s] compilation terminated.
[75.697s] gmake[2]: *** [CMakeFiles/subscriber_content_filtering.dir/build.make:76: CMakeFiles/subscriber_content_filtering.dir/content_filtering.cpp.o] Error 1
[75.699s] gmake[1]: *** [CMakeFiles/Makefile2:313: CMakeFiles/subscriber_content_filtering.dir/all] Error 2
[76.041s] [ 58%] [32m[1mLinking CXX executable time_triggered_wait_set_subscriber[0m
[76.605s] [ 58%] Built target time_triggered_wait_set_subscriber
[76.676s] [ 62%] [32m[1mLinking CXX executable static_wait_set_subscriber[0m
[76.976s] [ 62%] Built target static_wait_set_subscriber
[78.569s] [ 66%] [32m[1mLinking CXX executable wait_set_subscriber[0m
[79.071s] [ 66%] Built target wait_set_subscriber
[85.882s] [ 70%] [32m[1mLinking CXX executable subscriber_not_composable[0m
[86.233s] [ 75%] [32m[1mLinking CXX executable subscriber_member_function_with_topic_statistics[0m
[86.300s] [ 79%] [32m[1mLinking CXX executable subscriber_member_function_with_unique_network_flow_endpoints[0m
[86.458s] [ 79%] Built target subscriber_not_composable
[86.765s] [ 83%] [32m[1mLinking CXX executable subscriber_member_function[0m
[86.802s] [ 83%] Built target subscriber_member_function_with_unique_network_flow_endpoints
[86.880s] [ 83%] Built target subscriber_member_function_with_topic_statistics
[87.171s] [ 87%] [32m[1mLinking CXX executable subscriber_lambda[0m
[87.206s] [ 91%] [32m[1mLinking CXX shared library libwait_set_subscriber_library.so[0m
[87.286s] [ 91%] Built target subscriber_member_function
[87.522s] [ 91%] Built target subscriber_lambda
[88.037s] [ 91%] Built target wait_set_subscriber_library
[88.041s] gmake: *** [Makefile:146: all] Error 2
