[0.375s] Invoking command in '/home/chris/ros2_ws/build/examples_rclcpp_minimal_action_server': CMAKE_PREFIX_PATH=/opt/ros/humble /usr/bin/cmake /home/chris/ros2_ws/src/examples/rclcpp/actions/minimal_action_server -DAMENT_CMAKE_SYMLINK_INSTALL=1 -DCMAKE_INSTALL_PREFIX=/home/chris/ros2_ws/install/examples_rclcpp_minimal_action_server
[2.075s] -- The C compiler identification is GNU 11.4.0
[2.075s] -- The CXX compiler identification is GNU 11.4.0
[2.075s] -- Detecting C compiler ABI info
[2.076s] -- Detecting C compiler ABI info - done
[2.076s] -- Check for working C compiler: /usr/bin/cc - skipped
[2.076s] -- Detecting C compile features
[2.076s] -- Detecting C compile features - done
[2.076s] -- Detecting CXX compiler ABI info
[2.076s] -- Detecting CXX compiler ABI info - done
[2.076s] -- Check for working CXX compiler: /usr/bin/c++ - skipped
[2.076s] -- Detecting CXX compile features
[2.076s] -- Detecting CXX compile features - done
[2.076s] -- Found ament_cmake: 1.3.6 (/opt/ros/humble/share/ament_cmake/cmake)
[2.076s] -- Found Python3: /usr/bin/python3.10 (found version "3.10.12") found components: Interpreter 
[2.076s] -- Override CMake install command with custom implementation using symlinks instead of copying resources
[2.076s] -- Found example_interfaces: 0.9.3 (/opt/ros/humble/share/example_interfaces/cmake)
[2.076s] -- Found rosidl_generator_c: 3.1.5 (/opt/ros/humble/share/rosidl_generator_c/cmake)
[2.076s] -- Found rosidl_adapter: 3.1.5 (/opt/ros/humble/share/rosidl_adapter/cmake)
[2.076s] -- Found rosidl_generator_cpp: 3.1.5 (/opt/ros/humble/share/rosidl_generator_cpp/cmake)
[2.076s] -- Using all available rosidl_typesupport_c: rosidl_typesupport_fastrtps_c;rosidl_typesupport_introspection_c
[2.076s] -- Using all available rosidl_typesupport_cpp: rosidl_typesupport_fastrtps_cpp;rosidl_typesupport_introspection_cpp
[2.076s] -- Found rclcpp: 16.0.7 (/opt/ros/humble/share/rclcpp/cmake)
[2.076s] -- Found rmw_implementation_cmake: 6.1.1 (/opt/ros/humble/share/rmw_implementation_cmake/cmake)
[2.076s] -- Found rmw_fastrtps_cpp: 6.2.5 (/opt/ros/humble/share/rmw_fastrtps_cpp/cmake)
[2.076s] -- Found OpenSSL: /usr/lib/x86_64-linux-gnu/libcrypto.so (found version "3.0.2")  
[2.076s] -- Found FastRTPS: /opt/ros/humble/include  
[2.076s] -- Using RMW implementation 'rmw_fastrtps_cpp' as default
[2.076s] -- Looking for pthread.h
[2.076s] -- Looking for pthread.h - found
[2.076s] -- Performing Test CMAKE_HAVE_LIBC_PTHREAD
[2.076s] -- Performing Test CMAKE_HAVE_LIBC_PTHREAD - Success
[2.076s] -- Found Threads: TRUE  
[2.076s] -- Found rclcpp_action: 16.0.7 (/opt/ros/humble/share/rclcpp_action/cmake)
[2.076s] -- Found ament_lint_auto: 0.12.9 (/opt/ros/humble/share/ament_lint_auto/cmake)
[2.076s] -- Added test 'copyright' to check source files copyright and LICENSE
[2.076s] -- Added test 'cppcheck' to perform static code analysis on C / C++ code
[2.076s] -- Configured cppcheck include dirs: 
[2.077s] -- Configured cppcheck exclude dirs and/or files: 
[2.077s] -- Added test 'cpplint' to check C / C++ code against the Google style
[2.077s] -- Configured cpplint exclude dirs and/or files: 
[2.077s] -- Added test 'lint_cmake' to check CMake code style
[2.077s] -- Added test 'uncrustify' to check C / C++ code style
[2.077s] -- Configured uncrustify additional arguments: 
[2.077s] -- Added test 'xmllint' to check XML markup files
[2.077s] -- Configuring done
[2.077s] -- Generating done
[2.077s] -- Build files have been written to: /home/chris/ros2_ws/build/examples_rclcpp_minimal_action_server
[2.094s] Invoked command in '/home/chris/ros2_ws/build/examples_rclcpp_minimal_action_server' returned '0': CMAKE_PREFIX_PATH=/opt/ros/humble /usr/bin/cmake /home/chris/ros2_ws/src/examples/rclcpp/actions/minimal_action_server -DAMENT_CMAKE_SYMLINK_INSTALL=1 -DCMAKE_INSTALL_PREFIX=/home/chris/ros2_ws/install/examples_rclcpp_minimal_action_server
[2.095s] Invoking command in '/home/chris/ros2_ws/build/examples_rclcpp_minimal_action_server': CMAKE_PREFIX_PATH=/opt/ros/humble /usr/bin/cmake --build /home/chris/ros2_ws/build/examples_rclcpp_minimal_action_server -- -j20 -l20
[2.131s] [ 25%] [32mBuilding CXX object CMakeFiles/action_server_member_functions.dir/member_functions.cpp.o[0m
[2.144s] [ 50%] [32mBuilding CXX object CMakeFiles/action_server_not_composable.dir/not_composable.cpp.o[0m
[25.211s] [01m[Kc++:[m[K [01;31m[Kfatal error: [m[KKilled signal terminated program cc1plus
[25.212s] compilation terminated.
[25.212s] gmake[2]: *** [CMakeFiles/action_server_not_composable.dir/build.make:76: CMakeFiles/action_server_not_composable.dir/not_composable.cpp.o] Error 1
[25.212s] gmake[1]: *** [CMakeFiles/Makefile2:165: CMakeFiles/action_server_not_composable.dir/all] Error 2
[25.212s] gmake[1]: *** Waiting for unfinished jobs....
[68.323s] [ 75%] [32m[1mLinking CXX executable action_server_member_functions[0m
[68.855s] [ 75%] Built target action_server_member_functions
[68.859s] gmake: *** [Makefile:146: all] Error 2
