[0.504s] Invoking command in '/home/chris/ros2_ws/src/build/examples_rclcpp_minimal_action_server': CMAKE_PREFIX_PATH=${CMAKE_PREFIX_PATH}:/home/chris/ros2_ws/install/launch_testing_examples:/home/chris/ros2_ws/install/examples_rclpy_pointcloud_publisher:/home/chris/ros2_ws/install/examples_rclpy_minimal_subscriber:/home/chris/ros2_ws/install/examples_rclpy_minimal_service:/home/chris/ros2_ws/install/examples_rclpy_minimal_publisher:/home/chris/ros2_ws/install/examples_rclpy_minimal_client:/home/chris/ros2_ws/install/examples_rclpy_minimal_action_server:/home/chris/ros2_ws/install/examples_rclpy_minimal_action_client:/home/chris/ros2_ws/install/examples_rclpy_guard_conditions:/home/chris/ros2_ws/install/examples_rclpy_executors:/opt/ros/humble /usr/bin/cmake /home/chris/ros2_ws/src/examples/rclcpp/actions/minimal_action_server -DCMAKE_INSTALL_PREFIX=/home/chris/ros2_ws/src/install/examples_rclcpp_minimal_action_server
[2.243s] -- The C compiler identification is GNU 11.4.0
[2.243s] -- The CXX compiler identification is GNU 11.4.0
[2.243s] -- Detecting C compiler ABI info
[2.244s] -- Detecting C compiler ABI info - done
[2.244s] -- Check for working C compiler: /usr/bin/cc - skipped
[2.244s] -- Detecting C compile features
[2.244s] -- Detecting C compile features - done
[2.244s] -- Detecting CXX compiler ABI info
[2.244s] -- Detecting CXX compiler ABI info - done
[2.244s] -- Check for working CXX compiler: /usr/bin/c++ - skipped
[2.244s] -- Detecting CXX compile features
[2.244s] -- Detecting CXX compile features - done
[2.244s] -- Found ament_cmake: 1.3.6 (/opt/ros/humble/share/ament_cmake/cmake)
[2.244s] -- Found Python3: /usr/bin/python3.10 (found version "3.10.12") found components: Interpreter 
[2.244s] -- Found example_interfaces: 0.9.3 (/opt/ros/humble/share/example_interfaces/cmake)
[2.244s] -- Found rosidl_generator_c: 3.1.5 (/opt/ros/humble/share/rosidl_generator_c/cmake)
[2.244s] -- Found rosidl_adapter: 3.1.5 (/opt/ros/humble/share/rosidl_adapter/cmake)
[2.245s] -- Found rosidl_generator_cpp: 3.1.5 (/opt/ros/humble/share/rosidl_generator_cpp/cmake)
[2.245s] -- Using all available rosidl_typesupport_c: rosidl_typesupport_fastrtps_c;rosidl_typesupport_introspection_c
[2.245s] -- Using all available rosidl_typesupport_cpp: rosidl_typesupport_fastrtps_cpp;rosidl_typesupport_introspection_cpp
[2.245s] -- Found rclcpp: 16.0.7 (/opt/ros/humble/share/rclcpp/cmake)
[2.245s] -- Found rmw_implementation_cmake: 6.1.1 (/opt/ros/humble/share/rmw_implementation_cmake/cmake)
[2.245s] -- Found rmw_fastrtps_cpp: 6.2.5 (/opt/ros/humble/share/rmw_fastrtps_cpp/cmake)
[2.245s] -- Found OpenSSL: /usr/lib/x86_64-linux-gnu/libcrypto.so (found version "3.0.2")  
[2.245s] -- Found FastRTPS: /opt/ros/humble/include  
[2.245s] -- Using RMW implementation 'rmw_fastrtps_cpp' as default
[2.245s] -- Looking for pthread.h
[2.245s] -- Looking for pthread.h - found
[2.245s] -- Performing Test CMAKE_HAVE_LIBC_PTHREAD
[2.245s] -- Performing Test CMAKE_HAVE_LIBC_PTHREAD - Success
[2.245s] -- Found Threads: TRUE  
[2.246s] -- Found rclcpp_action: 16.0.7 (/opt/ros/humble/share/rclcpp_action/cmake)
[2.246s] -- Found ament_lint_auto: 0.12.9 (/opt/ros/humble/share/ament_lint_auto/cmake)
[2.246s] -- Added test 'copyright' to check source files copyright and LICENSE
[2.246s] -- Added test 'cppcheck' to perform static code analysis on C / C++ code
[2.246s] -- Configured cppcheck include dirs: 
[2.246s] -- Configured cppcheck exclude dirs and/or files: 
[2.246s] -- Added test 'cpplint' to check C / C++ code against the Google style
[2.246s] -- Configured cpplint exclude dirs and/or files: 
[2.246s] -- Added test 'lint_cmake' to check CMake code style
[2.247s] -- Added test 'uncrustify' to check C / C++ code style
[2.247s] -- Configured uncrustify additional arguments: 
[2.247s] -- Added test 'xmllint' to check XML markup files
[2.247s] -- Configuring done
[2.247s] -- Generating done
[2.247s] -- Build files have been written to: /home/chris/ros2_ws/src/build/examples_rclcpp_minimal_action_server
[2.313s] Invoked command in '/home/chris/ros2_ws/src/build/examples_rclcpp_minimal_action_server' returned '0': CMAKE_PREFIX_PATH=${CMAKE_PREFIX_PATH}:/home/chris/ros2_ws/install/launch_testing_examples:/home/chris/ros2_ws/install/examples_rclpy_pointcloud_publisher:/home/chris/ros2_ws/install/examples_rclpy_minimal_subscriber:/home/chris/ros2_ws/install/examples_rclpy_minimal_service:/home/chris/ros2_ws/install/examples_rclpy_minimal_publisher:/home/chris/ros2_ws/install/examples_rclpy_minimal_client:/home/chris/ros2_ws/install/examples_rclpy_minimal_action_server:/home/chris/ros2_ws/install/examples_rclpy_minimal_action_client:/home/chris/ros2_ws/install/examples_rclpy_guard_conditions:/home/chris/ros2_ws/install/examples_rclpy_executors:/opt/ros/humble /usr/bin/cmake /home/chris/ros2_ws/src/examples/rclcpp/actions/minimal_action_server -DCMAKE_INSTALL_PREFIX=/home/chris/ros2_ws/src/install/examples_rclcpp_minimal_action_server
[2.313s] Invoking command in '/home/chris/ros2_ws/src/build/examples_rclcpp_minimal_action_server': CMAKE_PREFIX_PATH=${CMAKE_PREFIX_PATH}:/home/chris/ros2_ws/install/launch_testing_examples:/home/chris/ros2_ws/install/examples_rclpy_pointcloud_publisher:/home/chris/ros2_ws/install/examples_rclpy_minimal_subscriber:/home/chris/ros2_ws/install/examples_rclpy_minimal_service:/home/chris/ros2_ws/install/examples_rclpy_minimal_publisher:/home/chris/ros2_ws/install/examples_rclpy_minimal_client:/home/chris/ros2_ws/install/examples_rclpy_minimal_action_server:/home/chris/ros2_ws/install/examples_rclpy_minimal_action_client:/home/chris/ros2_ws/install/examples_rclpy_guard_conditions:/home/chris/ros2_ws/install/examples_rclpy_executors:/opt/ros/humble /usr/bin/cmake --build /home/chris/ros2_ws/src/build/examples_rclcpp_minimal_action_server -- -j20 -l20
[2.317s] [ 50%] [32mBuilding CXX object CMakeFiles/action_server_not_composable.dir/not_composable.cpp.o[0m
[2.317s] [ 50%] [32mBuilding CXX object CMakeFiles/action_server_member_functions.dir/member_functions.cpp.o[0m
[14.415s] gmake[2]: *** [CMakeFiles/action_server_not_composable.dir/build.make:76: CMakeFiles/action_server_not_composable.dir/not_composable.cpp.o] Interrupt
[14.419s] gmake[1]: *** [CMakeFiles/Makefile2:165: CMakeFiles/action_server_not_composable.dir/all] Interrupt
[14.419s] gmake[2]: *** [CMakeFiles/action_server_member_functions.dir/build.make:76: CMakeFiles/action_server_member_functions.dir/member_functions.cpp.o] Interrupt
[14.419s] gmake[1]: *** [CMakeFiles/Makefile2:139: CMakeFiles/action_server_member_functions.dir/all] Interrupt
[14.419s] gmake: *** [Makefile:146: all] Interrupt
