[0.257s] Invoking command in '/home/chris/ros2_ws/build/examples_rclcpp_multithreaded_executor': CMAKE_PREFIX_PATH=/opt/ros/humble /usr/bin/cmake /home/chris/ros2_ws/src/examples/rclcpp/executors/multithreaded_executor -DAMENT_CMAKE_SYMLINK_INSTALL=1 -DCMAKE_INSTALL_PREFIX=/home/chris/ros2_ws/install/examples_rclcpp_multithreaded_executor
[1.959s] -- The C compiler identification is GNU 11.4.0
[1.959s] -- The CXX compiler identification is GNU 11.4.0
[1.959s] -- Detecting C compiler ABI info
[1.959s] -- Detecting C compiler ABI info - done
[1.959s] -- Check for working C compiler: /usr/bin/cc - skipped
[1.959s] -- Detecting C compile features
[1.960s] -- Detecting C compile features - done
[1.960s] -- Detecting CXX compiler ABI info
[1.960s] -- Detecting CXX compiler ABI info - done
[1.960s] -- Check for working CXX compiler: /usr/bin/c++ - skipped
[1.960s] -- Detecting CXX compile features
[1.960s] -- Detecting CXX compile features - done
[1.960s] -- Found ament_cmake: 1.3.6 (/opt/ros/humble/share/ament_cmake/cmake)
[1.960s] -- Found Python3: /usr/bin/python3.10 (found version "3.10.12") found components: Interpreter 
[1.960s] -- Override CMake install command with custom implementation using symlinks instead of copying resources
[1.960s] -- Found rclcpp: 16.0.7 (/opt/ros/humble/share/rclcpp/cmake)
[1.960s] -- Found rosidl_generator_c: 3.1.5 (/opt/ros/humble/share/rosidl_generator_c/cmake)
[1.960s] -- Found rosidl_adapter: 3.1.5 (/opt/ros/humble/share/rosidl_adapter/cmake)
[1.960s] -- Found rosidl_generator_cpp: 3.1.5 (/opt/ros/humble/share/rosidl_generator_cpp/cmake)
[1.960s] -- Using all available rosidl_typesupport_c: rosidl_typesupport_fastrtps_c;rosidl_typesupport_introspection_c
[1.960s] -- Using all available rosidl_typesupport_cpp: rosidl_typesupport_fastrtps_cpp;rosidl_typesupport_introspection_cpp
[1.960s] -- Found rmw_implementation_cmake: 6.1.1 (/opt/ros/humble/share/rmw_implementation_cmake/cmake)
[1.960s] -- Found rmw_fastrtps_cpp: 6.2.5 (/opt/ros/humble/share/rmw_fastrtps_cpp/cmake)
[1.960s] -- Found OpenSSL: /usr/lib/x86_64-linux-gnu/libcrypto.so (found version "3.0.2")  
[1.960s] -- Found FastRTPS: /opt/ros/humble/include  
[1.960s] -- Using RMW implementation 'rmw_fastrtps_cpp' as default
[1.960s] -- Looking for pthread.h
[1.960s] -- Looking for pthread.h - found
[1.960s] -- Performing Test CMAKE_HAVE_LIBC_PTHREAD
[1.960s] -- Performing Test CMAKE_HAVE_LIBC_PTHREAD - Success
[1.960s] -- Found Threads: TRUE  
[1.960s] -- Found ament_lint_auto: 0.12.9 (/opt/ros/humble/share/ament_lint_auto/cmake)
[1.960s] -- Added test 'copyright' to check source files copyright and LICENSE
[1.961s] -- Added test 'cppcheck' to perform static code analysis on C / C++ code
[1.961s] -- Configured cppcheck include dirs: 
[1.961s] -- Configured cppcheck exclude dirs and/or files: 
[1.961s] -- Added test 'cpplint' to check C / C++ code against the Google style
[1.961s] -- Configured cpplint exclude dirs and/or files: 
[1.961s] -- Added test 'lint_cmake' to check CMake code style
[1.961s] -- Added test 'uncrustify' to check C / C++ code style
[1.961s] -- Configured uncrustify additional arguments: 
[1.961s] -- Added test 'xmllint' to check XML markup files
[1.961s] -- Configuring done
[1.961s] -- Generating done
[1.961s] -- Build files have been written to: /home/chris/ros2_ws/build/examples_rclcpp_multithreaded_executor
[1.963s] Invoked command in '/home/chris/ros2_ws/build/examples_rclcpp_multithreaded_executor' returned '0': CMAKE_PREFIX_PATH=/opt/ros/humble /usr/bin/cmake /home/chris/ros2_ws/src/examples/rclcpp/executors/multithreaded_executor -DAMENT_CMAKE_SYMLINK_INSTALL=1 -DCMAKE_INSTALL_PREFIX=/home/chris/ros2_ws/install/examples_rclcpp_multithreaded_executor
[1.964s] Invoking command in '/home/chris/ros2_ws/build/examples_rclcpp_multithreaded_executor': CMAKE_PREFIX_PATH=/opt/ros/humble /usr/bin/cmake --build /home/chris/ros2_ws/build/examples_rclcpp_multithreaded_executor -- -j20 -l20
[1.992s] [ 50%] [32mBuilding CXX object CMakeFiles/multithreaded_executor.dir/multithreaded_executor.cpp.o[0m
[21.928s] [01m[Kc++:[m[K [01;31m[Kfatal error: [m[KKilled signal terminated program cc1plus
[21.935s] compilation terminated.
[21.935s] gmake[2]: *** [CMakeFiles/multithreaded_executor.dir/build.make:76: CMakeFiles/multithreaded_executor.dir/multithreaded_executor.cpp.o] Error 1
[21.935s] gmake[1]: *** [CMakeFiles/Makefile2:137: CMakeFiles/multithreaded_executor.dir/all] Error 2
[21.935s] gmake: *** [Makefile:146: all] Error 2
[22.199s] Invoked command in '/home/chris/ros2_ws/build/examples_rclcpp_multithreaded_executor' returned '2': CMAKE_PREFIX_PATH=/opt/ros/humble /usr/bin/cmake --build /home/chris/ros2_ws/build/examples_rclcpp_multithreaded_executor -- -j20 -l20
