[0.292s] Invoking command in '/home/chris/ros2_ws/build/examples_rclcpp_minimal_subscriber': CMAKE_PREFIX_PATH=/opt/ros/humble /usr/bin/cmake /home/chris/ros2_ws/src/examples/rclcpp/topics/minimal_subscriber -DAMENT_CMAKE_SYMLINK_INSTALL=1 -DCMAKE_INSTALL_PREFIX=/home/chris/ros2_ws/install/examples_rclcpp_minimal_subscriber
[1.992s] -- The C compiler identification is GNU 11.4.0
[1.992s] -- The CXX compiler identification is GNU 11.4.0
[1.992s] -- Detecting C compiler ABI info
[1.992s] -- Detecting C compiler ABI info - done
[1.992s] -- Check for working C compiler: /usr/bin/cc - skipped
[1.992s] -- Detecting C compile features
[1.992s] -- Detecting C compile features - done
[1.992s] -- Detecting CXX compiler ABI info
[1.992s] -- Detecting CXX compiler ABI info - done
[1.992s] -- Check for working CXX compiler: /usr/bin/c++ - skipped
[1.992s] -- Detecting CXX compile features
[1.992s] -- Detecting CXX compile features - done
[1.992s] -- Found ament_cmake: 1.3.6 (/opt/ros/humble/share/ament_cmake/cmake)
[1.992s] -- Found Python3: /usr/bin/python3.10 (found version "3.10.12") found components: Interpreter 
[1.992s] -- Override CMake install command with custom implementation using symlinks instead of copying resources
[1.992s] -- Found rclcpp: 16.0.7 (/opt/ros/humble/share/rclcpp/cmake)
[1.992s] -- Found rosidl_generator_c: 3.1.5 (/opt/ros/humble/share/rosidl_generator_c/cmake)
[1.992s] -- Found rosidl_adapter: 3.1.5 (/opt/ros/humble/share/rosidl_adapter/cmake)
[1.992s] -- Found rosidl_generator_cpp: 3.1.5 (/opt/ros/humble/share/rosidl_generator_cpp/cmake)
[1.992s] -- Using all available rosidl_typesupport_c: rosidl_typesupport_fastrtps_c;rosidl_typesupport_introspection_c
[1.992s] -- Using all available rosidl_typesupport_cpp: rosidl_typesupport_fastrtps_cpp;rosidl_typesupport_introspection_cpp
[1.993s] -- Found rmw_implementation_cmake: 6.1.1 (/opt/ros/humble/share/rmw_implementation_cmake/cmake)
[1.993s] -- Found rmw_fastrtps_cpp: 6.2.5 (/opt/ros/humble/share/rmw_fastrtps_cpp/cmake)
[1.993s] -- Found OpenSSL: /usr/lib/x86_64-linux-gnu/libcrypto.so (found version "3.0.2")  
[1.993s] -- Found FastRTPS: /opt/ros/humble/include  
[1.993s] -- Using RMW implementation 'rmw_fastrtps_cpp' as default
[1.993s] -- Looking for pthread.h
[1.993s] -- Looking for pthread.h - found
[1.993s] -- Performing Test CMAKE_HAVE_LIBC_PTHREAD
[1.993s] -- Performing Test CMAKE_HAVE_LIBC_PTHREAD - Success
[1.993s] -- Found Threads: TRUE  
[1.993s] -- Found rclcpp_components: 16.0.7 (/opt/ros/humble/share/rclcpp_components/cmake)
[1.993s] -- Found ament_lint_auto: 0.12.9 (/opt/ros/humble/share/ament_lint_auto/cmake)
[1.993s] -- Added test 'copyright' to check source files copyright and LICENSE
[1.993s] -- Added test 'cppcheck' to perform static code analysis on C / C++ code
[1.993s] -- Configured cppcheck include dirs: 
[1.993s] -- Configured cppcheck exclude dirs and/or files: 
[1.993s] -- Added test 'cpplint' to check C / C++ code against the Google style
[1.993s] -- Configured cpplint exclude dirs and/or files: 
[1.993s] -- Added test 'lint_cmake' to check CMake code style
[1.993s] -- Added test 'uncrustify' to check C / C++ code style
[1.993s] -- Configured uncrustify additional arguments: 
[1.993s] -- Added test 'xmllint' to check XML markup files
[1.993s] -- Configuring done
[1.993s] -- Generating done
[1.993s] -- Build files have been written to: /home/chris/ros2_ws/build/examples_rclcpp_minimal_subscriber
[2.011s] Invoked command in '/home/chris/ros2_ws/build/examples_rclcpp_minimal_subscriber' returned '0': CMAKE_PREFIX_PATH=/opt/ros/humble /usr/bin/cmake /home/chris/ros2_ws/src/examples/rclcpp/topics/minimal_subscriber -DAMENT_CMAKE_SYMLINK_INSTALL=1 -DCMAKE_INSTALL_PREFIX=/home/chris/ros2_ws/install/examples_rclcpp_minimal_subscriber
[2.013s] Invoking command in '/home/chris/ros2_ws/build/examples_rclcpp_minimal_subscriber': CMAKE_PREFIX_PATH=/opt/ros/humble /usr/bin/cmake --build /home/chris/ros2_ws/build/examples_rclcpp_minimal_subscriber -- -j20 -l20
[2.065s] [  4%] [32mBuilding CXX object CMakeFiles/subscriber_member_function.dir/member_function.cpp.o[0m
[2.101s] [  8%] [32mBuilding CXX object CMakeFiles/subscriber_lambda.dir/lambda.cpp.o[0m
[2.130s] [ 12%] [32mBuilding CXX object CMakeFiles/subscriber_member_function_with_topic_statistics.dir/member_function_with_topic_statistics.cpp.o[0m
[2.137s] [ 16%] [32mBuilding CXX object CMakeFiles/subscriber_member_function_with_unique_network_flow_endpoints.dir/member_function_with_unique_network_flow_endpoints.cpp.o[0m
[2.171s] [ 20%] [32mBuilding CXX object CMakeFiles/subscriber_member_function_with_type_adapter.dir/member_function_with_type_adapter.cpp.o[0m
[2.189s] [ 25%] [32mBuilding CXX object CMakeFiles/subscriber_not_composable.dir/not_composable.cpp.o[0m
[2.263s] [ 29%] [32mBuilding CXX object CMakeFiles/subscriber_content_filtering.dir/content_filtering.cpp.o[0m
[2.284s] [ 33%] [32mBuilding CXX object CMakeFiles/wait_set_subscriber.dir/rclcpp_components/node_main_wait_set_subscriber.cpp.o[0m
[2.295s] [ 37%] [32mBuilding CXX object CMakeFiles/wait_set_subscriber_library.dir/wait_set_subscriber.cpp.o[0m
[2.302s] [ 41%] [32mBuilding CXX object CMakeFiles/wait_set_subscriber_library.dir/static_wait_set_subscriber.cpp.o[0m
[2.310s] [ 45%] [32mBuilding CXX object CMakeFiles/wait_set_subscriber_library.dir/time_triggered_wait_set_subscriber.cpp.o[0m
[2.330s] [ 50%] [32mBuilding CXX object CMakeFiles/static_wait_set_subscriber.dir/rclcpp_components/node_main_static_wait_set_subscriber.cpp.o[0m
[2.338s] [ 54%] [32mBuilding CXX object CMakeFiles/time_triggered_wait_set_subscriber.dir/rclcpp_components/node_main_time_triggered_wait_set_subscriber.cpp.o[0m
[28.627s] [01m[Kc++:[m[K [01;31m[Kfatal error: [m[KKilled signal terminated program cc1plus
[28.628s] compilation terminated.
[28.628s] gmake[2]: *** [CMakeFiles/subscriber_member_function_with_unique_network_flow_endpoints.dir/build.make:76: CMakeFiles/subscriber_member_function_with_unique_network_flow_endpoints.dir/member_function_with_unique_network_flow_endpoints.cpp.o] Error 1
[28.628s] gmake[1]: *** [CMakeFiles/Makefile2:261: CMakeFiles/subscriber_member_function_with_unique_network_flow_endpoints.dir/all] Error 2
[28.628s] gmake[1]: *** Waiting for unfinished jobs....
[57.668s] [01m[Kc++:[m[K [01;31m[Kfatal error: [m[KKilled signal terminated program cc1plus
[57.669s] compilation terminated.
[57.669s] gmake[2]: *** [CMakeFiles/subscriber_member_function_with_type_adapter.dir/build.make:76: CMakeFiles/subscriber_member_function_with_type_adapter.dir/member_function_with_type_adapter.cpp.o] Error 1
[57.669s] gmake[1]: *** [CMakeFiles/Makefile2:235: CMakeFiles/subscriber_member_function_with_type_adapter.dir/all] Error 2
[67.158s] [ 58%] [32m[1mLinking CXX executable time_triggered_wait_set_subscriber[0m
[67.541s] [ 58%] Built target time_triggered_wait_set_subscriber
[67.911s] [ 62%] [32m[1mLinking CXX executable static_wait_set_subscriber[0m
[68.093s] [ 62%] Built target static_wait_set_subscriber
[68.365s] [ 66%] [32m[1mLinking CXX executable wait_set_subscriber[0m
[68.749s] [ 66%] Built target wait_set_subscriber
[75.260s] [ 70%] [32m[1mLinking CXX executable subscriber_member_function_with_topic_statistics[0m
[75.873s] [ 75%] [32m[1mLinking CXX executable subscriber_not_composable[0m
[75.925s] [ 75%] Built target subscriber_member_function_with_topic_statistics
[76.277s] [ 79%] [32m[1mLinking CXX executable subscriber_content_filtering[0m
[76.460s] [ 79%] Built target subscriber_not_composable
[76.729s] [ 83%] [32m[1mLinking CXX executable subscriber_lambda[0m
[76.929s] [ 83%] Built target subscriber_content_filtering
[76.940s] [ 87%] [32m[1mLinking CXX executable subscriber_member_function[0m
[77.319s] [ 87%] Built target subscriber_lambda
[77.557s] [ 87%] Built target subscriber_member_function
[78.342s] [ 91%] [32m[1mLinking CXX shared library libwait_set_subscriber_library.so[0m
[78.821s] [ 91%] Built target wait_set_subscriber_library
[78.824s] gmake: *** [Makefile:146: all] Error 2
